<?xml version="1.0" encoding="UTF-8"?>
<coverage generated="1719292103550" clover="3.2.0">
  <project timestamp="1719292103550" name="All files">
    <metrics statements="59" coveredstatements="56" conditionals="22" coveredconditionals="18" methods="17" coveredmethods="16" elements="98" coveredelements="90" complexity="0" loc="59" ncloc="59" packages="1" files="4" classes="4"/>
    <file name="Command.ts" path="/Users/amirsarvestani/Downloads/Robot/src/Command.ts">
      <metrics statements="29" coveredstatements="27" conditionals="11" coveredconditionals="9" methods="6" coveredmethods="6"/>
      <line num="2" count="1" type="stmt"/>
      <line num="10" count="4" type="cond" truecount="1" falsecount="1"/>
      <line num="11" count="4" type="stmt"/>
      <line num="13" count="0" type="stmt"/>
      <line num="20" count="4" type="cond" truecount="2" falsecount="0"/>
      <line num="21" count="2" type="stmt"/>
      <line num="23" count="2" type="stmt"/>
      <line num="30" count="14" type="cond" truecount="2" falsecount="0"/>
      <line num="31" count="13" type="stmt"/>
      <line num="33" count="1" type="stmt"/>
      <line num="40" count="4" type="cond" truecount="2" falsecount="0"/>
      <line num="41" count="2" type="stmt"/>
      <line num="43" count="2" type="stmt"/>
      <line num="49" count="1" type="stmt"/>
      <line num="57" count="27" type="stmt"/>
      <line num="58" count="27" type="cond" truecount="1" falsecount="0"/>
      <line num="59" count="1" type="stmt"/>
      <line num="61" count="26" type="stmt"/>
      <line num="65" count="1" type="stmt"/>
      <line num="67" count="11" type="stmt"/>
      <line num="68" count="11" type="stmt"/>
      <line num="70" count="11" type="stmt"/>
      <line num="71" count="27" type="stmt"/>
      <line num="72" count="27" type="stmt"/>
      <line num="73" count="26" type="stmt"/>
      <line num="75" count="1" type="cond" truecount="1" falsecount="1"/>
      <line num="76" count="1" type="stmt"/>
      <line num="78" count="0" type="stmt"/>
      <line num="83" count="11" type="stmt"/>
    </file>
    <file name="config.ts" path="/Users/amirsarvestani/Downloads/Robot/src/config.ts">
      <metrics statements="2" coveredstatements="2" conditionals="0" coveredconditionals="0" methods="0" coveredmethods="0"/>
      <line num="1" count="1" type="stmt"/>
      <line num="5" count="1" type="stmt"/>
    </file>
    <file name="errors.ts" path="/Users/amirsarvestani/Downloads/Robot/src/errors.ts">
      <metrics statements="6" coveredstatements="6" conditionals="0" coveredconditionals="0" methods="2" coveredmethods="2"/>
      <line num="1" count="1" type="stmt"/>
      <line num="3" count="6" type="stmt"/>
      <line num="4" count="6" type="stmt"/>
      <line num="8" count="1" type="stmt"/>
      <line num="10" count="1" type="stmt"/>
      <line num="11" count="1" type="stmt"/>
    </file>
    <file name="robot.ts" path="/Users/amirsarvestani/Downloads/Robot/src/robot.ts">
      <metrics statements="22" coveredstatements="21" conditionals="11" coveredconditionals="9" methods="9" coveredmethods="8"/>
      <line num="1" count="1" type="stmt"/>
      <line num="2" count="1" type="stmt"/>
      <line num="10" count="0" type="stmt"/>
      <line num="16" count="1" type="cond" truecount="2" falsecount="0"/>
      <line num="17" count="1" type="stmt"/>
      <line num="18" count="1" type="stmt"/>
      <line num="19" count="1" type="stmt"/>
      <line num="20" count="1" type="stmt"/>
      <line num="23" count="1" type="stmt"/>
      <line num="26" count="18" type="stmt"/>
      <line num="30" count="18" type="cond" truecount="5" falsecount="0"/>
      <line num="31" count="3" type="stmt"/>
      <line num="33" count="15" type="stmt"/>
      <line num="34" count="15" type="stmt"/>
      <line num="35" count="15" type="stmt"/>
      <line num="36" count="15" type="stmt"/>
      <line num="40" count="30" type="stmt"/>
      <line num="44" count="21" type="stmt"/>
      <line num="48" count="14" type="stmt"/>
      <line num="51" count="33" type="stmt"/>
      <line num="55" count="5" type="stmt"/>
      <line num="59" count="12" type="stmt"/>
    </file>
  </project>
</coverage>
