{
  "/Users/amirsarvestani/Downloads/Robot/src/Command.ts": {
    "path": "/Users/amirsarvestani/Downloads/Robot/src/Command.ts",
    "statementMap": {
      "0": { "start": { "line": 2, "column": 0 }, "end": { "line": 2, "column": 47 } },
      "1": { "start": { "line": 10, "column": 4 }, "end": { "line": 14, "column": 5 } },
      "2": { "start": { "line": 11, "column": 6 }, "end": { "line": 11, "column": 35 } },
      "3": { "start": { "line": 13, "column": 6 }, "end": { "line": 13, "column": 55 } },
      "4": { "start": { "line": 20, "column": 4 }, "end": { "line": 24, "column": 5 } },
      "5": { "start": { "line": 21, "column": 6 }, "end": { "line": 21, "column": 35 } },
      "6": { "start": { "line": 23, "column": 6 }, "end": { "line": 23, "column": 55 } },
      "7": { "start": { "line": 30, "column": 4 }, "end": { "line": 34, "column": 5 } },
      "8": { "start": { "line": 31, "column": 6 }, "end": { "line": 31, "column": 35 } },
      "9": { "start": { "line": 33, "column": 6 }, "end": { "line": 33, "column": 55 } },
      "10": { "start": { "line": 40, "column": 4 }, "end": { "line": 44, "column": 5 } },
      "11": { "start": { "line": 41, "column": 6 }, "end": { "line": 41, "column": 35 } },
      "12": { "start": { "line": 43, "column": 6 }, "end": { "line": 43, "column": 55 } },
      "13": { "start": { "line": 57, "column": 20 }, "end": { "line": 57, "column": 42 } },
      "14": { "start": { "line": 58, "column": 4 }, "end": { "line": 60, "column": 5 } },
      "15": { "start": { "line": 59, "column": 6 }, "end": { "line": 59, "column": 65 } },
      "16": { "start": { "line": 61, "column": 4 }, "end": { "line": 61, "column": 19 } },
      "17": { "start": { "line": 49, "column": 17 }, "end": { "line": 54, "column": 4 } },
      "18": { "start": { "line": 67, "column": 32 }, "end": { "line": 67, "column": 34 } },
      "19": { "start": { "line": 68, "column": 22 }, "end": { "line": 68, "column": 48 } },
      "20": { "start": { "line": 70, "column": 4 }, "end": { "line": 81, "column": 5 } },
      "21": { "start": { "line": 71, "column": 6 }, "end": { "line": 80, "column": 7 } },
      "22": { "start": { "line": 72, "column": 24 }, "end": { "line": 72, "column": 59 } },
      "23": { "start": { "line": 73, "column": 8 }, "end": { "line": 73, "column": 31 } },
      "24": { "start": { "line": 75, "column": 8 }, "end": { "line": 79, "column": 9 } },
      "25": { "start": { "line": 76, "column": 10 }, "end": { "line": 76, "column": 59 } },
      "26": { "start": { "line": 78, "column": 10 }, "end": { "line": 78, "column": 22 } },
      "27": { "start": { "line": 83, "column": 4 }, "end": { "line": 83, "column": 20 } },
      "28": { "start": { "line": 65, "column": 0 }, "end": { "line": 65, "column": 13 } }
    },
    "fnMap": {
      "0": {
        "name": "(anonymous_0)",
        "decl": { "start": { "line": 9, "column": 2 }, "end": { "line": 9, "column": 9 } },
        "loc": { "start": { "line": 9, "column": 22 }, "end": { "line": 15, "column": 3 } }
      },
      "1": {
        "name": "(anonymous_1)",
        "decl": { "start": { "line": 19, "column": 2 }, "end": { "line": 19, "column": 9 } },
        "loc": { "start": { "line": 19, "column": 22 }, "end": { "line": 25, "column": 3 } }
      },
      "2": {
        "name": "(anonymous_2)",
        "decl": { "start": { "line": 29, "column": 2 }, "end": { "line": 29, "column": 9 } },
        "loc": { "start": { "line": 29, "column": 22 }, "end": { "line": 35, "column": 3 } }
      },
      "3": {
        "name": "(anonymous_3)",
        "decl": { "start": { "line": 39, "column": 2 }, "end": { "line": 39, "column": 9 } },
        "loc": { "start": { "line": 39, "column": 22 }, "end": { "line": 45, "column": 3 } }
      },
      "4": {
        "name": "(anonymous_4)",
        "decl": { "start": { "line": 56, "column": 2 }, "end": { "line": 56, "column": 8 } },
        "loc": { "start": { "line": 56, "column": 33 }, "end": { "line": 62, "column": 3 } }
      },
      "5": {
        "name": "(anonymous_5)",
        "decl": { "start": { "line": 66, "column": 2 }, "end": { "line": 66, "column": 8 } },
        "loc": { "start": { "line": 66, "column": 38 }, "end": { "line": 84, "column": 3 } }
      }
    },
    "branchMap": {
      "0": {
        "loc": { "start": { "line": 10, "column": 4 }, "end": { "line": 14, "column": 5 } },
        "type": "if",
        "locations": [
          { "start": { "line": 10, "column": 4 }, "end": { "line": 14, "column": 5 } },
          { "start": { "line": 12, "column": 11 }, "end": { "line": 14, "column": 5 } }
        ]
      },
      "1": {
        "loc": { "start": { "line": 20, "column": 4 }, "end": { "line": 24, "column": 5 } },
        "type": "if",
        "locations": [
          { "start": { "line": 20, "column": 4 }, "end": { "line": 24, "column": 5 } },
          { "start": { "line": 22, "column": 11 }, "end": { "line": 24, "column": 5 } }
        ]
      },
      "2": {
        "loc": { "start": { "line": 30, "column": 4 }, "end": { "line": 34, "column": 5 } },
        "type": "if",
        "locations": [
          { "start": { "line": 30, "column": 4 }, "end": { "line": 34, "column": 5 } },
          { "start": { "line": 32, "column": 11 }, "end": { "line": 34, "column": 5 } }
        ]
      },
      "3": {
        "loc": { "start": { "line": 40, "column": 4 }, "end": { "line": 44, "column": 5 } },
        "type": "if",
        "locations": [
          { "start": { "line": 40, "column": 4 }, "end": { "line": 44, "column": 5 } },
          { "start": { "line": 42, "column": 11 }, "end": { "line": 44, "column": 5 } }
        ]
      },
      "4": {
        "loc": { "start": { "line": 58, "column": 4 }, "end": { "line": 60, "column": 5 } },
        "type": "if",
        "locations": [{ "start": { "line": 58, "column": 4 }, "end": { "line": 60, "column": 5 } }]
      },
      "5": {
        "loc": { "start": { "line": 75, "column": 8 }, "end": { "line": 79, "column": 9 } },
        "type": "if",
        "locations": [
          { "start": { "line": 75, "column": 8 }, "end": { "line": 79, "column": 9 } },
          { "start": { "line": 77, "column": 15 }, "end": { "line": 79, "column": 9 } }
        ]
      }
    },
    "s": {
      "0": 1,
      "1": 4,
      "2": 4,
      "3": 0,
      "4": 4,
      "5": 2,
      "6": 2,
      "7": 14,
      "8": 13,
      "9": 1,
      "10": 4,
      "11": 2,
      "12": 2,
      "13": 27,
      "14": 27,
      "15": 1,
      "16": 26,
      "17": 1,
      "18": 11,
      "19": 11,
      "20": 11,
      "21": 27,
      "22": 27,
      "23": 26,
      "24": 1,
      "25": 1,
      "26": 0,
      "27": 11,
      "28": 1
    },
    "f": { "0": 4, "1": 4, "2": 14, "3": 4, "4": 27, "5": 11 },
    "b": { "0": [4, 0], "1": [2, 2], "2": [13, 1], "3": [2, 2], "4": [1], "5": [1, 0] }
  },
  "/Users/amirsarvestani/Downloads/Robot/src/config.ts": {
    "path": "/Users/amirsarvestani/Downloads/Robot/src/config.ts",
    "statementMap": {
      "0": { "start": { "line": 1, "column": 15 }, "end": { "line": 3, "column": 2 } },
      "1": { "start": { "line": 5, "column": 0 }, "end": { "line": 5, "column": 22 } }
    },
    "fnMap": {},
    "branchMap": {},
    "s": { "0": 1, "1": 1 },
    "f": {},
    "b": {}
  },
  "/Users/amirsarvestani/Downloads/Robot/src/errors.ts": {
    "path": "/Users/amirsarvestani/Downloads/Robot/src/errors.ts",
    "statementMap": {
      "0": { "start": { "line": 3, "column": 4 }, "end": { "line": 3, "column": 19 } },
      "1": { "start": { "line": 4, "column": 4 }, "end": { "line": 4, "column": 35 } },
      "2": { "start": { "line": 1, "column": 0 }, "end": { "line": 1, "column": 13 } },
      "3": { "start": { "line": 10, "column": 4 }, "end": { "line": 10, "column": 19 } },
      "4": { "start": { "line": 11, "column": 4 }, "end": { "line": 11, "column": 38 } },
      "5": { "start": { "line": 8, "column": 0 }, "end": { "line": 8, "column": 13 } }
    },
    "fnMap": {
      "0": {
        "name": "(anonymous_0)",
        "decl": { "start": { "line": 2, "column": 2 }, "end": { "line": 2, "column": 14 } },
        "loc": { "start": { "line": 2, "column": 29 }, "end": { "line": 5, "column": 3 } }
      },
      "1": {
        "name": "(anonymous_1)",
        "decl": { "start": { "line": 9, "column": 2 }, "end": { "line": 9, "column": 14 } },
        "loc": { "start": { "line": 9, "column": 29 }, "end": { "line": 12, "column": 3 } }
      }
    },
    "branchMap": {},
    "s": { "0": 6, "1": 6, "2": 1, "3": 1, "4": 1, "5": 1 },
    "f": { "0": 6, "1": 1 },
    "b": {}
  },
  "/Users/amirsarvestani/Downloads/Robot/src/robot.ts": {
    "path": "/Users/amirsarvestani/Downloads/Robot/src/robot.ts",
    "statementMap": {
      "0": { "start": { "line": 1, "column": 0 }, "end": { "line": 1, "column": 30 } },
      "1": { "start": { "line": 2, "column": 0 }, "end": { "line": 2, "column": 44 } },
      "2": { "start": { "line": 10, "column": 4 }, "end": { "line": 10, "column": 25 } },
      "3": { "start": { "line": 16, "column": 0 }, "end": { "line": 16, "column": null } },
      "4": { "start": { "line": 17, "column": 2 }, "end": { "line": 17, "column": null } },
      "5": { "start": { "line": 18, "column": 2 }, "end": { "line": 18, "column": null } },
      "6": { "start": { "line": 19, "column": 2 }, "end": { "line": 19, "column": null } },
      "7": { "start": { "line": 20, "column": 2 }, "end": { "line": 20, "column": null } },
      "8": { "start": { "line": 26, "column": 11 }, "end": { "line": 26, "column": 33 } },
      "9": { "start": { "line": 30, "column": 4 }, "end": { "line": 32, "column": 5 } },
      "10": { "start": { "line": 31, "column": 6 }, "end": { "line": 31, "column": 84 } },
      "11": { "start": { "line": 33, "column": 4 }, "end": { "line": 33, "column": 17 } },
      "12": { "start": { "line": 34, "column": 4 }, "end": { "line": 34, "column": 17 } },
      "13": { "start": { "line": 35, "column": 4 }, "end": { "line": 35, "column": 29 } },
      "14": { "start": { "line": 36, "column": 4 }, "end": { "line": 36, "column": 25 } },
      "15": { "start": { "line": 40, "column": 4 }, "end": { "line": 40, "column": 15 } },
      "16": { "start": { "line": 44, "column": 4 }, "end": { "line": 44, "column": 15 } },
      "17": { "start": { "line": 48, "column": 4 }, "end": { "line": 48, "column": 18 } },
      "18": { "start": { "line": 51, "column": 4 }, "end": { "line": 51, "column": 18 } },
      "19": { "start": { "line": 55, "column": 4 }, "end": { "line": 55, "column": 43 } },
      "20": { "start": { "line": 59, "column": 4 }, "end": { "line": 59, "column": 36 } },
      "21": { "start": { "line": 23, "column": 0 }, "end": { "line": 23, "column": 13 } }
    },
    "fnMap": {
      "0": {
        "name": "(anonymous_0)",
        "decl": { "start": { "line": 9, "column": 2 }, "end": { "line": 9, "column": 5 } },
        "loc": { "start": { "line": 9, "column": 21 }, "end": { "line": 11, "column": 3 } }
      },
      "1": {
        "name": "(anonymous_1)",
        "decl": { "start": { "line": 16, "column": 0 }, "end": { "line": 16, "column": 12 } },
        "loc": { "start": { "line": 16, "column": 19 }, "end": { "line": 21, "column": 1 } }
      },
      "2": {
        "name": "(anonymous_2)",
        "decl": { "start": { "line": 29, "column": 2 }, "end": { "line": 29, "column": 14 } },
        "loc": { "start": { "line": 29, "column": 116 }, "end": { "line": 37, "column": 3 } }
      },
      "3": {
        "name": "(anonymous_3)",
        "decl": { "start": { "line": 39, "column": 9 }, "end": { "line": 39, "column": 13 } },
        "loc": { "start": { "line": 39, "column": 23 }, "end": { "line": 41, "column": 3 } }
      },
      "4": {
        "name": "(anonymous_4)",
        "decl": { "start": { "line": 43, "column": 9 }, "end": { "line": 43, "column": 13 } },
        "loc": { "start": { "line": 43, "column": 23 }, "end": { "line": 45, "column": 3 } }
      },
      "5": {
        "name": "(anonymous_5)",
        "decl": { "start": { "line": 47, "column": 9 }, "end": { "line": 47, "column": 13 } },
        "loc": { "start": { "line": 47, "column": 13 }, "end": { "line": 49, "column": 3 } }
      },
      "6": {
        "name": "(anonymous_6)",
        "decl": { "start": { "line": 50, "column": 9 }, "end": { "line": 50, "column": 13 } },
        "loc": { "start": { "line": 50, "column": 13 }, "end": { "line": 52, "column": 3 } }
      },
      "7": {
        "name": "(anonymous_7)",
        "decl": { "start": { "line": 54, "column": 9 }, "end": { "line": 54, "column": 12 } },
        "loc": { "start": { "line": 54, "column": 28 }, "end": { "line": 56, "column": 3 } }
      },
      "8": {
        "name": "(anonymous_8)",
        "decl": { "start": { "line": 58, "column": 2 }, "end": { "line": 58, "column": 13 } },
        "loc": { "start": { "line": 58, "column": 13 }, "end": { "line": 60, "column": 3 } }
      }
    },
    "branchMap": {
      "0": {
        "loc": { "start": { "line": 16, "column": 12 }, "end": { "line": 16, "column": null } },
        "type": "binary-expr",
        "locations": [
          { "start": { "line": 16, "column": 12 }, "end": { "line": 16, "column": 19 } },
          { "start": { "line": 16, "column": 19 }, "end": { "line": 16, "column": null } }
        ]
      },
      "1": {
        "loc": { "start": { "line": 29, "column": 14 }, "end": { "line": 29, "column": 27 } },
        "type": "default-arg",
        "locations": [{ "start": { "line": 29, "column": 26 }, "end": { "line": 29, "column": 27 } }]
      },
      "2": {
        "loc": { "start": { "line": 29, "column": 29 }, "end": { "line": 29, "column": 42 } },
        "type": "default-arg",
        "locations": [{ "start": { "line": 29, "column": 41 }, "end": { "line": 29, "column": 42 } }]
      },
      "3": {
        "loc": { "start": { "line": 29, "column": 44 }, "end": { "line": 29, "column": 78 } },
        "type": "default-arg",
        "locations": [{ "start": { "line": 29, "column": 63 }, "end": { "line": 29, "column": 78 } }]
      },
      "4": {
        "loc": { "start": { "line": 29, "column": 80 }, "end": { "line": 29, "column": 116 } },
        "type": "default-arg",
        "locations": [{ "start": { "line": 29, "column": 97 }, "end": { "line": 29, "column": 116 } }]
      },
      "5": {
        "loc": { "start": { "line": 30, "column": 4 }, "end": { "line": 32, "column": 5 } },
        "type": "if",
        "locations": [{ "start": { "line": 30, "column": 4 }, "end": { "line": 32, "column": 5 } }]
      },
      "6": {
        "loc": { "start": { "line": 30, "column": 8 }, "end": { "line": 30, "column": 66 } },
        "type": "binary-expr",
        "locations": [
          { "start": { "line": 30, "column": 8 }, "end": { "line": 30, "column": 13 } },
          { "start": { "line": 30, "column": 17 }, "end": { "line": 30, "column": 35 } },
          { "start": { "line": 30, "column": 39 }, "end": { "line": 30, "column": 44 } },
          { "start": { "line": 30, "column": 48 }, "end": { "line": 30, "column": 66 } }
        ]
      }
    },
    "s": {
      "0": 1,
      "1": 1,
      "2": 0,
      "3": 1,
      "4": 1,
      "5": 1,
      "6": 1,
      "7": 1,
      "8": 18,
      "9": 18,
      "10": 3,
      "11": 15,
      "12": 15,
      "13": 15,
      "14": 15,
      "15": 30,
      "16": 21,
      "17": 14,
      "18": 33,
      "19": 5,
      "20": 12,
      "21": 1
    },
    "f": { "0": 0, "1": 1, "2": 18, "3": 30, "4": 21, "5": 14, "6": 33, "7": 5, "8": 12 },
    "b": { "0": [1, 1], "1": [0], "2": [0], "3": [3], "4": [4], "5": [3], "6": [18, 16, 16, 15] }
  }
}
