TN:
SF:src/Command.ts
FN:9,(anonymous_0)
FN:19,(anonymous_1)
FN:29,(anonymous_2)
FN:39,(anonymous_3)
FN:56,(anonymous_4)
FN:66,(anonymous_5)
FNF:6
FNH:6
FNDA:4,(anonymous_0)
FNDA:4,(anonymous_1)
FNDA:14,(anonymous_2)
FNDA:4,(anonymous_3)
FNDA:27,(anonymous_4)
FNDA:11,(anonymous_5)
DA:2,1
DA:10,4
DA:11,4
DA:13,0
DA:20,4
DA:21,2
DA:23,2
DA:30,14
DA:31,13
DA:33,1
DA:40,4
DA:41,2
DA:43,2
DA:49,1
DA:57,27
DA:58,27
DA:59,1
DA:61,26
DA:65,1
DA:67,11
DA:68,11
DA:70,11
DA:71,27
DA:72,27
DA:73,26
DA:75,1
DA:76,1
DA:78,0
DA:83,11
LF:29
LH:27
BRDA:10,0,0,4
BRDA:10,0,1,0
BRDA:20,1,0,2
BRDA:20,1,1,2
BRDA:30,2,0,13
BRDA:30,2,1,1
BRDA:40,3,0,2
BRDA:40,3,1,2
BRDA:58,4,0,1
BRDA:75,5,0,1
BRDA:75,5,1,0
BRF:11
BRH:9
end_of_record
TN:
SF:src/config.ts
FNF:0
FNH:0
DA:1,1
DA:5,1
LF:2
LH:2
BRF:0
BRH:0
end_of_record
TN:
SF:src/errors.ts
FN:2,(anonymous_0)
FN:9,(anonymous_1)
FNF:2
FNH:2
FNDA:6,(anonymous_0)
FNDA:1,(anonymous_1)
DA:1,1
DA:3,6
DA:4,6
DA:8,1
DA:10,1
DA:11,1
LF:6
LH:6
BRF:0
BRH:0
end_of_record
TN:
SF:src/robot.ts
FN:9,(anonymous_0)
FN:16,(anonymous_1)
FN:29,(anonymous_2)
FN:39,(anonymous_3)
FN:43,(anonymous_4)
FN:47,(anonymous_5)
FN:50,(anonymous_6)
FN:54,(anonymous_7)
FN:58,(anonymous_8)
FNF:9
FNH:8
FNDA:0,(anonymous_0)
FNDA:1,(anonymous_1)
FNDA:18,(anonymous_2)
FNDA:30,(anonymous_3)
FNDA:21,(anonymous_4)
FNDA:14,(anonymous_5)
FNDA:33,(anonymous_6)
FNDA:5,(anonymous_7)
FNDA:12,(anonymous_8)
DA:1,1
DA:2,1
DA:10,0
DA:16,1
DA:17,1
DA:18,1
DA:19,1
DA:20,1
DA:23,1
DA:26,18
DA:30,18
DA:31,3
DA:33,15
DA:34,15
DA:35,15
DA:36,15
DA:40,30
DA:44,21
DA:48,14
DA:51,33
DA:55,5
DA:59,12
LF:22
LH:21
BRDA:16,0,0,1
BRDA:16,0,1,1
BRDA:29,1,0,0
BRDA:29,2,0,0
BRDA:29,3,0,3
BRDA:29,4,0,4
BRDA:30,5,0,3
BRDA:30,6,0,18
BRDA:30,6,1,16
BRDA:30,6,2,16
BRDA:30,6,3,15
BRF:11
BRH:9
end_of_record
